{
  "RSpec": {
    "coverage": {
      "/home/vagrant/work/forgineer/app/models/user.rb": {
        "lines": [
          1,
          null,
          null,
          1,
          null,
          null,
          1,
          1,
          1,
          1,
          1,
          null,
          null,
          null,
          null,
          1,
          null,
          1,
          null,
          1,
          null,
          1,
          null,
          null,
          1,
          5,
          null,
          null,
          null,
          1,
          2,
          null,
          null,
          null,
          1,
          4,
          null,
          null,
          null,
          1,
          1,
          1,
          null,
          1,
          null
        ]
      },
      "/home/vagrant/work/forgineer/app/models/application_record.rb": {
        "lines": [
          1,
          1,
          null
        ]
      },
      "/home/vagrant/work/forgineer/app/helpers/application_helper.rb": {
        "lines": [
          1,
          null,
          null,
          1,
          4,
          1,
          null,
          1,
          null,
          null,
          1,
          1,
          null,
          null,
          null,
          1,
          null,
          null,
          1,
          null,
          null,
          null,
          1,
          1,
          1,
          1,
          0,
          null,
          0,
          null,
          0,
          null,
          0,
          null,
          0,
          null,
          0,
          null,
          0,
          null,
          0,
          null,
          null,
          null,
          null,
          1,
          76,
          76,
          null,
          null,
          null,
          null,
          null,
          null,
          null,
          null,
          null,
          76,
          76,
          null,
          null
        ]
      },
      "/home/vagrant/work/forgineer/app/helpers/diaries_helper.rb": {
        "lines": [
          1,
          1,
          1,
          9,
          0,
          9,
          0,
          9,
          0,
          9,
          0,
          0,
          null,
          0,
          null,
          9,
          0,
          0,
          null,
          0,
          null,
          9,
          0,
          null,
          9,
          null,
          null,
          null
        ]
      },
      "/home/vagrant/work/forgineer/app/helpers/tags_helper.rb": {
        "lines": [
          1,
          1,
          3,
          null,
          null,
          null,
          1,
          2,
          2,
          null,
          null
        ]
      },
      "/home/vagrant/work/forgineer/app/models/comment.rb": {
        "lines": [
          1,
          1,
          1,
          null,
          1,
          1,
          null
        ]
      },
      "/home/vagrant/work/forgineer/app/models/diary.rb": {
        "lines": [
          1,
          1,
          1,
          1,
          null,
          1,
          1,
          null,
          1,
          null,
          1,
          1,
          null,
          1,
          null,
          1,
          10,
          4,
          null,
          6,
          null,
          null,
          null,
          1,
          16,
          null,
          null
        ]
      },
      "/home/vagrant/work/forgineer/app/models/diary_tag.rb": {
        "lines": [
          1,
          1,
          1,
          null
        ]
      },
      "/home/vagrant/work/forgineer/app/models/favorite.rb": {
        "lines": [
          1,
          1,
          1,
          null
        ]
      },
      "/home/vagrant/work/forgineer/app/models/inquiry.rb": {
        "lines": [
          1,
          1,
          1,
          null
        ]
      },
      "/home/vagrant/work/forgineer/app/models/relationship.rb": {
        "lines": [
          1,
          1,
          1,
          null,
          1,
          1,
          null
        ]
      },
      "/home/vagrant/work/forgineer/app/models/tag.rb": {
        "lines": [
          1,
          1,
          1,
          null,
          1,
          null,
          1,
          2,
          null,
          null,
          null
        ]
      },
      "/home/vagrant/work/forgineer/app/controllers/comments_controller.rb": {
        "lines": [
          1,
          1,
          null,
          1,
          4,
          4,
          3,
          null,
          null,
          1,
          1,
          null,
          4,
          4,
          4,
          2,
          2,
          2,
          null,
          4,
          4,
          null,
          null,
          1,
          6,
          6,
          6,
          1,
          null,
          null,
          null,
          1,
          3,
          3,
          1,
          1,
          1,
          null,
          2,
          null,
          null,
          3,
          2,
          2,
          null,
          1,
          1,
          null,
          null,
          null,
          1,
          4,
          4,
          4,
          3,
          3,
          null,
          1,
          null,
          null,
          null,
          1,
          null,
          1,
          7,
          null,
          null,
          null
        ]
      },
      "/home/vagrant/work/forgineer/app/controllers/application_controller.rb": {
        "lines": [
          1,
          1,
          1,
          null,
          1,
          5,
          5,
          null,
          null
        ]
      },
      "/home/vagrant/work/forgineer/app/controllers/diaries_controller.rb": {
        "lines": [
          1,
          1,
          1,
          1,
          null,
          1,
          5,
          4,
          4,
          null,
          1,
          null,
          null,
          null,
          1,
          null,
          9,
          9,
          9,
          null,
          8,
          8,
          null,
          null,
          1,
          1,
          null,
          null,
          null,
          1,
          16,
          16,
          16,
          16,
          null,
          null,
          null,
          1,
          3,
          2,
          2,
          2,
          2,
          2,
          null,
          null,
          2,
          1,
          1,
          null,
          1,
          null,
          null,
          1,
          null,
          null,
          null,
          1,
          5,
          4,
          4,
          null,
          1,
          null,
          null,
          null,
          1,
          2,
          1,
          1,
          1,
          1,
          null,
          1,
          null,
          null,
          null,
          1,
          3,
          2,
          2,
          2,
          2,
          2,
          null,
          0,
          null,
          null,
          2,
          1,
          1,
          null,
          1,
          null,
          null,
          1,
          null,
          null,
          null,
          1,
          null,
          1,
          4,
          null,
          null,
          null
        ]
      },
      "/home/vagrant/work/forgineer/app/controllers/users/registrations_controller.rb": {
        "lines": [
          null,
          null,
          1,
          null,
          null,
          null,
          null,
          null,
          null,
          null,
          null,
          null,
          null,
          null,
          null,
          null,
          null,
          null,
          null,
          null,
          null,
          null,
          null,
          null,
          null,
          null,
          null,
          null,
          null,
          null,
          null,
          null,
          null,
          null,
          null,
          null,
          null,
          null,
          null,
          null,
          1,
          null,
          null,
          null,
          null,
          null,
          null,
          null,
          null,
          null,
          null,
          null,
          null,
          null,
          null,
          null,
          null,
          null,
          null,
          null,
          null,
          null,
          1,
          1,
          null,
          null,
          1,
          0,
          null,
          null
        ]
      },
      "/home/vagrant/work/forgineer/app/controllers/favorites_controller.rb": {
        "lines": [
          1,
          1,
          null,
          1,
          2,
          2,
          2,
          null,
          null,
          1,
          1,
          1,
          1,
          null,
          null
        ]
      },
      "/home/vagrant/work/forgineer/app/controllers/home_controller.rb": {
        "lines": [
          1,
          null,
          1,
          3,
          null,
          null,
          1,
          3,
          3,
          null,
          null,
          1,
          2,
          2,
          1,
          1,
          1,
          null,
          1,
          1,
          null,
          null,
          null,
          1,
          null,
          1,
          2,
          null,
          null
        ]
      },
      "/home/vagrant/work/forgineer/app/mailers/inquiry_mailer.rb": {
        "lines": [
          1,
          1,
          1,
          1,
          1,
          null,
          null,
          null,
          null,
          null,
          null
        ]
      },
      "/home/vagrant/work/forgineer/app/mailers/application_mailer.rb": {
        "lines": [
          1,
          1,
          1,
          null
        ]
      },
      "/home/vagrant/work/forgineer/app/controllers/users_controller.rb": {
        "lines": [
          1,
          1,
          null,
          1,
          5,
          null,
          null,
          1,
          5,
          1,
          null,
          null,
          null,
          1,
          3,
          3,
          null,
          null,
          1,
          3,
          3,
          null,
          null,
          1,
          3,
          3,
          null,
          null,
          1,
          3,
          3,
          null,
          null
        ]
      },
      "/home/vagrant/work/forgineer/app/controllers/relationships_controller.rb": {
        "lines": [
          1,
          1,
          null,
          1,
          1,
          1,
          1,
          null,
          null,
          1,
          1,
          1,
          1,
          null,
          null
        ]
      },
      "/home/vagrant/work/forgineer/app/controllers/tags_controller.rb": {
        "lines": [
          1,
          1,
          1,
          null,
          1,
          3,
          null,
          null,
          1,
          3,
          3,
          3,
          1,
          1,
          1,
          null,
          null,
          2,
          2,
          1,
          1,
          null,
          1,
          1,
          null,
          null,
          null,
          1,
          2,
          1,
          1,
          1,
          1,
          null,
          1,
          null,
          null,
          null,
          1,
          3,
          2,
          2,
          1,
          1,
          null,
          1,
          1,
          null,
          null,
          1,
          null,
          null,
          null,
          1,
          null,
          1,
          2,
          null,
          null,
          null
        ]
      },
      "/home/vagrant/work/forgineer/app/jobs/application_job.rb": {
        "lines": [
          0,
          0
        ],
        "branches": {
        }
      },
      "/home/vagrant/work/forgineer/app/controllers/users/sessions_controller.rb": {
        "lines": [
          null,
          null,
          0,
          null,
          null,
          null,
          null,
          null,
          null,
          null,
          null,
          null,
          null,
          null,
          null,
          null,
          null,
          null,
          null,
          null,
          0,
          null,
          null,
          null,
          null,
          null,
          null,
          0,
          0,
          0,
          null,
          0,
          0,
          0,
          0
        ],
        "branches": {
        }
      },
      "/home/vagrant/work/forgineer/app/channels/application_cable/connection.rb": {
        "lines": [
          0,
          0,
          0,
          0
        ],
        "branches": {
        }
      },
      "/home/vagrant/work/forgineer/app/channels/application_cable/channel.rb": {
        "lines": [
          0,
          0,
          0,
          0
        ],
        "branches": {
        }
      }
    },
    "timestamp": 1593085875
  }
}
